<?xml version="1.0" encoding="UTF-8"?>
<!-- Generated by org.testng.reporters.JUnitReportReporter -->
<testsuite skipped="0" hostname="LAPTOP-PA1M93V0" name="TestApis.SumValidation" tests="1" failures="0" timestamp="13 Apr 2020 12:55:54 GMT" time="6.227" errors="0">
  <testcase name="sumOfCourses" time="6.227" classname="TestApis.SumValidation"/>
</testsuite> <!-- TestApis.SumValidation -->
