<?xml version="1.0" encoding="UTF-8"?>
<!-- Generated by org.testng.reporters.JUnitReportReporter -->
<testsuite skipped="0" hostname="LAPTOP-PA1M93V0" name="TestApis.DynamicJSON" tests="2" failures="0" timestamp="14 Apr 2020 15:26:19 GMT" time="4.324" errors="0">
  <testcase name="addbook" time="3.839" classname="TestApis.DynamicJSON"/>
  <testcase name="addbook" time="0.485" classname="TestApis.DynamicJSON"/>
</testsuite> <!-- TestApis.DynamicJSON -->
